[2022-07-23T12:06:39.578Z] Log level: Info
[2022-07-23T12:06:39.585Z] [info] Validating found git in: git
[2022-07-23T12:06:39.629Z] [info] Using git 2.34.3 from git
[2022-07-23T12:06:39.713Z] > git rev-parse --show-toplevel [43ms]
[2022-07-23T12:06:39.724Z] > git rev-parse --git-dir --git-common-dir [3ms]
[2022-07-23T12:06:39.733Z] [info] Open repository: /home/ec2-user
[2022-07-23T12:06:39.774Z] > git status -z -uall [32ms]
[2022-07-23T12:06:39.780Z] > git symbolic-ref --short HEAD [2ms]
[2022-07-23T12:06:39.786Z] > git for-each-ref --format=%(refname)%00%(upstream:short)%00%(objectname)%00%(upstream:track)%00%(upstream:remotename)%00%(upstream:remoteref) refs/heads/master refs/remotes/master [2ms]
[2022-07-23T12:06:39.795Z] > git remote --verbose [2ms]
[2022-07-23T12:06:39.795Z] > git for-each-ref --sort -committerdate --format %(refname) %(objectname) %(*objectname) [5ms]
[2022-07-23T12:06:39.806Z] > git config --get commit.template [1ms]
[2022-07-23T12:06:39.843Z] > git status -z -uall [32ms]
[2022-07-23T12:06:39.853Z] > git symbolic-ref --short HEAD [6ms]
[2022-07-23T12:06:39.858Z] > git for-each-ref --format=%(refname)%00%(upstream:short)%00%(objectname)%00%(upstream:track)%00%(upstream:remotename)%00%(upstream:remoteref) refs/heads/master refs/remotes/master [1ms]
[2022-07-23T12:06:39.867Z] > git for-each-ref --sort -committerdate --format %(refname) %(objectname) %(*objectname) [5ms]
[2022-07-23T12:06:39.867Z] > git remote --verbose [1ms]
[2022-07-23T12:06:39.875Z] > git config --get commit.template [2ms]
[2022-07-23T12:06:40.540Z] > git check-ignore -v -z --stdin [7ms]
[2022-07-23T12:06:40.762Z] > git show --textconv :K8s_Kustomize/overlay/dev/Backend/deployment.yml [7ms]
[2022-07-23T12:06:40.766Z] > git ls-files --stage -- /home/ec2-user/K8s_Kustomize/overlay/dev/Backend/deployment.yml [5ms]
[2022-07-23T12:06:40.771Z] > git cat-file -s 7a4bf502e534070bc433e859c948180653170b3b [1ms]
[2022-07-23T12:06:48.964Z] > git status -z -uall [32ms]
[2022-07-23T12:06:48.970Z] > git symbolic-ref --short HEAD [1ms]
[2022-07-23T12:06:48.975Z] > git for-each-ref --format=%(refname)%00%(upstream:short)%00%(objectname)%00%(upstream:track)%00%(upstream:remotename)%00%(upstream:remoteref) refs/heads/master refs/remotes/master [1ms]
[2022-07-23T12:06:48.983Z] > git remote --verbose [1ms]
[2022-07-23T12:06:48.984Z] > git for-each-ref --sort -committerdate --format %(refname) %(objectname) %(*objectname) [6ms]
[2022-07-23T12:06:48.990Z] > git config --get commit.template [1ms]
[2022-07-23T12:06:54.028Z] > git status -z -uall [32ms]
[2022-07-23T12:06:54.033Z] > git symbolic-ref --short HEAD [1ms]
[2022-07-23T12:06:54.038Z] > git for-each-ref --format=%(refname)%00%(upstream:short)%00%(objectname)%00%(upstream:track)%00%(upstream:remotename)%00%(upstream:remoteref) refs/heads/master refs/remotes/master [1ms]
[2022-07-23T12:06:54.046Z] > git for-each-ref --sort -committerdate --format %(refname) %(objectname) %(*objectname) [4ms]
[2022-07-23T12:06:54.046Z] > git remote --verbose [1ms]
[2022-07-23T12:06:54.052Z] > git config --get commit.template [1ms]
[2022-07-23T12:10:43.207Z] > git status -z -uall [32ms]
[2022-07-23T12:10:43.214Z] > git symbolic-ref --short HEAD [2ms]
[2022-07-23T12:10:43.220Z] > git for-each-ref --format=%(refname)%00%(upstream:short)%00%(objectname)%00%(upstream:track)%00%(upstream:remotename)%00%(upstream:remoteref) refs/heads/master refs/remotes/master [2ms]
[2022-07-23T12:10:43.227Z] > git for-each-ref --sort -committerdate --format %(refname) %(objectname) %(*objectname) [4ms]
[2022-07-23T12:10:43.227Z] > git remote --verbose [1ms]
[2022-07-23T12:10:43.233Z] > git config --get commit.template [1ms]
[2022-07-23T12:11:03.578Z] > git status -z -uall [32ms]
[2022-07-23T12:11:03.583Z] > git symbolic-ref --short HEAD [1ms]
[2022-07-23T12:11:03.587Z] > git for-each-ref --format=%(refname)%00%(upstream:short)%00%(objectname)%00%(upstream:track)%00%(upstream:remotename)%00%(upstream:remoteref) refs/heads/master refs/remotes/master [1ms]
[2022-07-23T12:11:03.594Z] > git for-each-ref --sort -committerdate --format %(refname) %(objectname) %(*objectname) [4ms]
[2022-07-23T12:11:03.595Z] > git remote --verbose [2ms]
[2022-07-23T12:11:03.600Z] > git config --get commit.template [1ms]
[2022-07-23T12:11:08.642Z] > git status -z -uall [35ms]
[2022-07-23T12:11:08.648Z] > git symbolic-ref --short HEAD [1ms]
[2022-07-23T12:11:08.652Z] > git for-each-ref --format=%(refname)%00%(upstream:short)%00%(objectname)%00%(upstream:track)%00%(upstream:remotename)%00%(upstream:remoteref) refs/heads/master refs/remotes/master [1ms]
[2022-07-23T12:11:08.658Z] > git for-each-ref --sort -committerdate --format %(refname) %(objectname) %(*objectname) [3ms]
[2022-07-23T12:11:08.659Z] > git remote --verbose [1ms]
[2022-07-23T12:11:08.667Z] > git config --get commit.template [1ms]
[2022-07-23T12:11:13.704Z] > git status -z -uall [31ms]
[2022-07-23T12:11:13.710Z] > git symbolic-ref --short HEAD [1ms]
[2022-07-23T12:11:13.714Z] > git for-each-ref --format=%(refname)%00%(upstream:short)%00%(objectname)%00%(upstream:track)%00%(upstream:remotename)%00%(upstream:remoteref) refs/heads/master refs/remotes/master [1ms]
[2022-07-23T12:11:13.721Z] > git for-each-ref --sort -committerdate --format %(refname) %(objectname) %(*objectname) [4ms]
[2022-07-23T12:11:13.722Z] > git remote --verbose [2ms]
[2022-07-23T12:11:13.727Z] > git config --get commit.template [1ms]
[2022-07-23T12:11:18.765Z] > git status -z -uall [32ms]
[2022-07-23T12:11:18.770Z] > git symbolic-ref --short HEAD [1ms]
[2022-07-23T12:11:18.775Z] > git for-each-ref --format=%(refname)%00%(upstream:short)%00%(objectname)%00%(upstream:track)%00%(upstream:remotename)%00%(upstream:remoteref) refs/heads/master refs/remotes/master [1ms]
[2022-07-23T12:11:18.782Z] > git for-each-ref --sort -committerdate --format %(refname) %(objectname) %(*objectname) [4ms]
[2022-07-23T12:11:18.782Z] > git remote --verbose [1ms]
[2022-07-23T12:11:18.787Z] > git config --get commit.template [1ms]
[2022-07-23T12:11:23.828Z] > git status -z -uall [35ms]
[2022-07-23T12:11:23.834Z] > git symbolic-ref --short HEAD [1ms]
[2022-07-23T12:11:23.838Z] > git for-each-ref --format=%(refname)%00%(upstream:short)%00%(objectname)%00%(upstream:track)%00%(upstream:remotename)%00%(upstream:remoteref) refs/heads/master refs/remotes/master [1ms]
[2022-07-23T12:11:23.847Z] > git remote --verbose [2ms]
[2022-07-23T12:11:23.847Z] > git for-each-ref --sort -committerdate --format %(refname) %(objectname) %(*objectname) [6ms]
[2022-07-23T12:11:23.853Z] > git config --get commit.template [1ms]
[2022-07-23T12:11:28.890Z] > git status -z -uall [30ms]
[2022-07-23T12:11:28.896Z] > git symbolic-ref --short HEAD [1ms]
[2022-07-23T12:11:28.900Z] > git for-each-ref --format=%(refname)%00%(upstream:short)%00%(objectname)%00%(upstream:track)%00%(upstream:remotename)%00%(upstream:remoteref) refs/heads/master refs/remotes/master [1ms]
[2022-07-23T12:11:28.907Z] > git for-each-ref --sort -committerdate --format %(refname) %(objectname) %(*objectname) [4ms]
[2022-07-23T12:11:28.907Z] > git remote --verbose [1ms]
[2022-07-23T12:11:28.913Z] > git config --get commit.template [1ms]
[2022-07-23T12:11:33.950Z] > git status -z -uall [31ms]
[2022-07-23T12:11:33.955Z] > git symbolic-ref --short HEAD [1ms]
[2022-07-23T12:11:33.960Z] > git for-each-ref --format=%(refname)%00%(upstream:short)%00%(objectname)%00%(upstream:track)%00%(upstream:remotename)%00%(upstream:remoteref) refs/heads/master refs/remotes/master [2ms]
[2022-07-23T12:11:33.967Z] > git for-each-ref --sort -committerdate --format %(refname) %(objectname) %(*objectname) [4ms]
[2022-07-23T12:11:33.967Z] > git remote --verbose [1ms]
[2022-07-23T12:11:33.973Z] > git config --get commit.template [1ms]
[2022-07-23T12:11:39.010Z] > git status -z -uall [32ms]
[2022-07-23T12:11:39.016Z] > git symbolic-ref --short HEAD [1ms]
[2022-07-23T12:11:39.020Z] > git for-each-ref --format=%(refname)%00%(upstream:short)%00%(objectname)%00%(upstream:track)%00%(upstream:remotename)%00%(upstream:remoteref) refs/heads/master refs/remotes/master [1ms]
[2022-07-23T12:11:39.027Z] > git for-each-ref --sort -committerdate --format %(refname) %(objectname) %(*objectname) [4ms]
[2022-07-23T12:11:39.028Z] > git remote --verbose [2ms]
[2022-07-23T12:11:39.033Z] > git config --get commit.template [1ms]
[2022-07-23T12:11:44.071Z] > git status -z -uall [32ms]
[2022-07-23T12:11:44.077Z] > git symbolic-ref --short HEAD [1ms]
[2022-07-23T12:11:44.081Z] > git for-each-ref --format=%(refname)%00%(upstream:short)%00%(objectname)%00%(upstream:track)%00%(upstream:remotename)%00%(upstream:remoteref) refs/heads/master refs/remotes/master [1ms]
[2022-07-23T12:11:44.088Z] > git for-each-ref --sort -committerdate --format %(refname) %(objectname) %(*objectname) [3ms]
[2022-07-23T12:11:44.089Z] > git remote --verbose [2ms]
[2022-07-23T12:11:44.095Z] > git config --get commit.template [1ms]
[2022-07-23T12:11:49.135Z] > git status -z -uall [34ms]
[2022-07-23T12:11:49.141Z] > git symbolic-ref --short HEAD [1ms]
[2022-07-23T12:11:49.145Z] > git for-each-ref --format=%(refname)%00%(upstream:short)%00%(objectname)%00%(upstream:track)%00%(upstream:remotename)%00%(upstream:remoteref) refs/heads/master refs/remotes/master [1ms]
[2022-07-23T12:11:49.152Z] > git for-each-ref --sort -committerdate --format %(refname) %(objectname) %(*objectname) [4ms]
[2022-07-23T12:11:49.152Z] > git remote --verbose [1ms]
[2022-07-23T12:11:49.158Z] > git config --get commit.template [1ms]
[2022-07-23T12:11:54.194Z] > git status -z -uall [31ms]
[2022-07-23T12:11:54.199Z] > git symbolic-ref --short HEAD [1ms]
[2022-07-23T12:11:54.204Z] > git for-each-ref --format=%(refname)%00%(upstream:short)%00%(objectname)%00%(upstream:track)%00%(upstream:remotename)%00%(upstream:remoteref) refs/heads/master refs/remotes/master [1ms]
[2022-07-23T12:11:54.211Z] > git for-each-ref --sort -committerdate --format %(refname) %(objectname) %(*objectname) [4ms]
[2022-07-23T12:11:54.211Z] > git remote --verbose [1ms]
[2022-07-23T12:11:54.216Z] > git config --get commit.template [0ms]
[2022-07-23T12:11:59.253Z] > git status -z -uall [31ms]
[2022-07-23T12:11:59.258Z] > git symbolic-ref --short HEAD [1ms]
[2022-07-23T12:11:59.262Z] > git for-each-ref --format=%(refname)%00%(upstream:short)%00%(objectname)%00%(upstream:track)%00%(upstream:remotename)%00%(upstream:remoteref) refs/heads/master refs/remotes/master [1ms]
[2022-07-23T12:11:59.269Z] > git for-each-ref --sort -committerdate --format %(refname) %(objectname) %(*objectname) [4ms]
[2022-07-23T12:11:59.269Z] > git remote --verbose [1ms]
[2022-07-23T12:11:59.274Z] > git config --get commit.template [0ms]
[2022-07-23T12:12:04.316Z] > git status -z -uall [35ms]
[2022-07-23T12:12:04.322Z] > git symbolic-ref --short HEAD [2ms]
[2022-07-23T12:12:04.327Z] > git for-each-ref --format=%(refname)%00%(upstream:short)%00%(objectname)%00%(upstream:track)%00%(upstream:remotename)%00%(upstream:remoteref) refs/heads/master refs/remotes/master [1ms]
[2022-07-23T12:12:04.337Z] > git remote --verbose [1ms]
[2022-07-23T12:12:04.337Z] > git for-each-ref --sort -committerdate --format %(refname) %(objectname) %(*objectname) [6ms]
[2022-07-23T12:12:04.343Z] > git config --get commit.template [1ms]
[2022-07-23T12:12:09.379Z] > git status -z -uall [31ms]
[2022-07-23T12:12:09.384Z] > git symbolic-ref --short HEAD [1ms]
[2022-07-23T12:12:09.389Z] > git for-each-ref --format=%(refname)%00%(upstream:short)%00%(objectname)%00%(upstream:track)%00%(upstream:remotename)%00%(upstream:remoteref) refs/heads/master refs/remotes/master [1ms]
[2022-07-23T12:12:09.396Z] > git for-each-ref --sort -committerdate --format %(refname) %(objectname) %(*objectname) [4ms]
[2022-07-23T12:12:09.397Z] > git remote --verbose [2ms]
[2022-07-23T12:12:09.402Z] > git config --get commit.template [1ms]
[2022-07-23T12:12:19.701Z] > git status -z -uall [32ms]
[2022-07-23T12:12:19.709Z] > git symbolic-ref --short HEAD [2ms]
[2022-07-23T12:12:19.715Z] > git for-each-ref --format=%(refname)%00%(upstream:short)%00%(objectname)%00%(upstream:track)%00%(upstream:remotename)%00%(upstream:remoteref) refs/heads/master refs/remotes/master [2ms]
[2022-07-23T12:12:19.723Z] > git for-each-ref --sort -committerdate --format %(refname) %(objectname) %(*objectname) [4ms]
[2022-07-23T12:12:19.723Z] > git remote --verbose [1ms]
[2022-07-23T12:12:19.728Z] > git config --get commit.template [1ms]
[2022-07-23T12:12:24.765Z] > git status -z -uall [31ms]
[2022-07-23T12:12:24.770Z] > git symbolic-ref --short HEAD [1ms]
[2022-07-23T12:12:24.774Z] > git for-each-ref --format=%(refname)%00%(upstream:short)%00%(objectname)%00%(upstream:track)%00%(upstream:remotename)%00%(upstream:remoteref) refs/heads/master refs/remotes/master [1ms]
[2022-07-23T12:12:24.781Z] > git for-each-ref --sort -committerdate --format %(refname) %(objectname) %(*objectname) [4ms]
[2022-07-23T12:12:24.781Z] > git remote --verbose [1ms]
[2022-07-23T12:12:24.787Z] > git config --get commit.template [1ms]
[2022-07-23T12:12:29.827Z] > git status -z -uall [35ms]
[2022-07-23T12:12:29.832Z] > git symbolic-ref --short HEAD [1ms]
[2022-07-23T12:12:29.838Z] > git for-each-ref --format=%(refname)%00%(upstream:short)%00%(objectname)%00%(upstream:track)%00%(upstream:remotename)%00%(upstream:remoteref) refs/heads/master refs/remotes/master [1ms]
[2022-07-23T12:12:29.845Z] > git for-each-ref --sort -committerdate --format %(refname) %(objectname) %(*objectname) [4ms]
[2022-07-23T12:12:29.846Z] > git remote --verbose [2ms]
[2022-07-23T12:12:29.851Z] > git config --get commit.template [1ms]
[2022-07-23T12:12:34.891Z] > git status -z -uall [35ms]
[2022-07-23T12:12:34.896Z] > git symbolic-ref --short HEAD [1ms]
[2022-07-23T12:12:34.900Z] > git for-each-ref --format=%(refname)%00%(upstream:short)%00%(objectname)%00%(upstream:track)%00%(upstream:remotename)%00%(upstream:remoteref) refs/heads/master refs/remotes/master [1ms]
[2022-07-23T12:12:34.907Z] > git for-each-ref --sort -committerdate --format %(refname) %(objectname) %(*objectname) [3ms]
[2022-07-23T12:12:34.907Z] > git remote --verbose [1ms]
[2022-07-23T12:12:34.912Z] > git config --get commit.template [1ms]
[2022-07-23T12:12:47.029Z] > git status -z -uall [32ms]
[2022-07-23T12:12:47.036Z] > git symbolic-ref --short HEAD [3ms]
[2022-07-23T12:12:47.041Z] > git for-each-ref --format=%(refname)%00%(upstream:short)%00%(objectname)%00%(upstream:track)%00%(upstream:remotename)%00%(upstream:remoteref) refs/heads/master refs/remotes/master [2ms]
[2022-07-23T12:12:47.048Z] > git for-each-ref --sort -committerdate --format %(refname) %(objectname) %(*objectname) [4ms]
[2022-07-23T12:12:47.048Z] > git remote --verbose [1ms]
[2022-07-23T12:12:47.053Z] > git config --get commit.template [0ms]
[2022-07-23T12:13:11.693Z] > git status -z -uall [32ms]
[2022-07-23T12:13:11.698Z] > git symbolic-ref --short HEAD [1ms]
[2022-07-23T12:13:11.703Z] > git for-each-ref --format=%(refname)%00%(upstream:short)%00%(objectname)%00%(upstream:track)%00%(upstream:remotename)%00%(upstream:remoteref) refs/heads/master refs/remotes/master [1ms]
[2022-07-23T12:13:11.710Z] > git for-each-ref --sort -committerdate --format %(refname) %(objectname) %(*objectname) [4ms]
[2022-07-23T12:13:11.711Z] > git remote --verbose [1ms]
[2022-07-23T12:13:11.716Z] > git config --get commit.template [1ms]
[2022-07-23T12:13:16.754Z] > git status -z -uall [32ms]
[2022-07-23T12:13:16.760Z] > git symbolic-ref --short HEAD [1ms]
[2022-07-23T12:13:16.765Z] > git for-each-ref --format=%(refname)%00%(upstream:short)%00%(objectname)%00%(upstream:track)%00%(upstream:remotename)%00%(upstream:remoteref) refs/heads/master refs/remotes/master [1ms]
[2022-07-23T12:13:16.772Z] > git for-each-ref --sort -committerdate --format %(refname) %(objectname) %(*objectname) [4ms]
[2022-07-23T12:13:16.772Z] > git remote --verbose [1ms]
[2022-07-23T12:13:16.778Z] > git config --get commit.template [1ms]
[2022-07-23T12:13:21.819Z] > git status -z -uall [36ms]
[2022-07-23T12:13:21.825Z] > git symbolic-ref --short HEAD [1ms]
[2022-07-23T12:13:21.830Z] > git for-each-ref --format=%(refname)%00%(upstream:short)%00%(objectname)%00%(upstream:track)%00%(upstream:remotename)%00%(upstream:remoteref) refs/heads/master refs/remotes/master [1ms]
[2022-07-23T12:13:21.837Z] > git for-each-ref --sort -committerdate --format %(refname) %(objectname) %(*objectname) [4ms]
[2022-07-23T12:13:21.838Z] > git remote --verbose [1ms]
[2022-07-23T12:13:21.843Z] > git config --get commit.template [1ms]
[2022-07-23T12:13:26.880Z] > git status -z -uall [31ms]
[2022-07-23T12:13:26.886Z] > git symbolic-ref --short HEAD [1ms]
[2022-07-23T12:13:26.890Z] > git for-each-ref --format=%(refname)%00%(upstream:short)%00%(objectname)%00%(upstream:track)%00%(upstream:remotename)%00%(upstream:remoteref) refs/heads/master refs/remotes/master [1ms]
[2022-07-23T12:13:26.897Z] > git for-each-ref --sort -committerdate --format %(refname) %(objectname) %(*objectname) [3ms]
[2022-07-23T12:13:26.898Z] > git remote --verbose [1ms]
[2022-07-23T12:13:26.904Z] > git config --get commit.template [1ms]
[2022-07-23T12:13:34.991Z] > git status -z -uall [32ms]
[2022-07-23T12:13:34.998Z] > git symbolic-ref --short HEAD [1ms]
[2022-07-23T12:13:35.003Z] > git for-each-ref --format=%(refname)%00%(upstream:short)%00%(objectname)%00%(upstream:track)%00%(upstream:remotename)%00%(upstream:remoteref) refs/heads/master refs/remotes/master [2ms]
[2022-07-23T12:13:35.010Z] > git for-each-ref --sort -committerdate --format %(refname) %(objectname) %(*objectname) [4ms]
[2022-07-23T12:13:35.011Z] > git remote --verbose [1ms]
[2022-07-23T12:13:35.018Z] > git config --get commit.template [1ms]
[2022-07-23T12:13:42.065Z] > git status -z -uall [43ms]
[2022-07-23T12:13:42.072Z] > git symbolic-ref --short HEAD [0ms]
[2022-07-23T12:13:42.078Z] > git for-each-ref --format=%(refname)%00%(upstream:short)%00%(objectname)%00%(upstream:track)%00%(upstream:remotename)%00%(upstream:remoteref) refs/heads/master refs/remotes/master [1ms]
[2022-07-23T12:13:42.089Z] > git for-each-ref --sort -committerdate --format %(refname) %(objectname) %(*objectname) [7ms]
[2022-07-23T12:13:42.090Z] > git remote --verbose [4ms]
[2022-07-23T12:13:42.098Z] > git config --get commit.template [1ms]
[2022-07-23T12:13:47.136Z] > git status -z -uall [31ms]
[2022-07-23T12:13:47.142Z] > git symbolic-ref --short HEAD [1ms]
[2022-07-23T12:13:47.147Z] > git for-each-ref --format=%(refname)%00%(upstream:short)%00%(objectname)%00%(upstream:track)%00%(upstream:remotename)%00%(upstream:remoteref) refs/heads/master refs/remotes/master [1ms]
[2022-07-23T12:13:47.154Z] > git for-each-ref --sort -committerdate --format %(refname) %(objectname) %(*objectname) [4ms]
[2022-07-23T12:13:47.155Z] > git remote --verbose [1ms]
[2022-07-23T12:13:47.161Z] > git config --get commit.template [1ms]
[2022-07-23T12:13:52.198Z] > git status -z -uall [33ms]
[2022-07-23T12:13:52.203Z] > git symbolic-ref --short HEAD [1ms]
[2022-07-23T12:13:52.208Z] > git for-each-ref --format=%(refname)%00%(upstream:short)%00%(objectname)%00%(upstream:track)%00%(upstream:remotename)%00%(upstream:remoteref) refs/heads/master refs/remotes/master [1ms]
[2022-07-23T12:13:52.215Z] > git for-each-ref --sort -committerdate --format %(refname) %(objectname) %(*objectname) [4ms]
[2022-07-23T12:13:52.215Z] > git remote --verbose [1ms]
[2022-07-23T12:13:52.221Z] > git config --get commit.template [1ms]
[2022-07-23T12:13:58.586Z] > git status -z -uall [31ms]
[2022-07-23T12:13:58.591Z] > git symbolic-ref --short HEAD [1ms]
[2022-07-23T12:13:58.596Z] > git for-each-ref --format=%(refname)%00%(upstream:short)%00%(objectname)%00%(upstream:track)%00%(upstream:remotename)%00%(upstream:remoteref) refs/heads/master refs/remotes/master [1ms]
[2022-07-23T12:13:58.602Z] > git for-each-ref --sort -committerdate --format %(refname) %(objectname) %(*objectname) [3ms]
[2022-07-23T12:13:58.603Z] > git remote --verbose [1ms]
[2022-07-23T12:13:58.610Z] > git config --get commit.template [0ms]
[2022-07-23T12:14:03.648Z] > git status -z -uall [32ms]
[2022-07-23T12:14:03.654Z] > git symbolic-ref --short HEAD [1ms]
[2022-07-23T12:14:03.659Z] > git for-each-ref --format=%(refname)%00%(upstream:short)%00%(objectname)%00%(upstream:track)%00%(upstream:remotename)%00%(upstream:remoteref) refs/heads/master refs/remotes/master [2ms]
[2022-07-23T12:14:03.666Z] > git for-each-ref --sort -committerdate --format %(refname) %(objectname) %(*objectname) [4ms]
[2022-07-23T12:14:03.666Z] > git remote --verbose [1ms]
[2022-07-23T12:14:03.671Z] > git config --get commit.template [1ms]
[2022-07-23T12:14:08.713Z] > git status -z -uall [35ms]
[2022-07-23T12:14:08.720Z] > git symbolic-ref --short HEAD [2ms]
[2022-07-23T12:14:08.725Z] > git for-each-ref --format=%(refname)%00%(upstream:short)%00%(objectname)%00%(upstream:track)%00%(upstream:remotename)%00%(upstream:remoteref) refs/heads/master refs/remotes/master [2ms]
[2022-07-23T12:14:08.734Z] > git for-each-ref --sort -committerdate --format %(refname) %(objectname) %(*objectname) [5ms]
[2022-07-23T12:14:08.734Z] > git remote --verbose [1ms]
[2022-07-23T12:14:08.741Z] > git config --get commit.template [1ms]
[2022-07-23T12:18:14.549Z] > git status -z -uall [32ms]
[2022-07-23T12:18:14.554Z] > git symbolic-ref --short HEAD [1ms]
[2022-07-23T12:18:14.559Z] > git for-each-ref --format=%(refname)%00%(upstream:short)%00%(objectname)%00%(upstream:track)%00%(upstream:remotename)%00%(upstream:remoteref) refs/heads/master refs/remotes/master [1ms]
[2022-07-23T12:18:14.566Z] > git for-each-ref --sort -committerdate --format %(refname) %(objectname) %(*objectname) [4ms]
[2022-07-23T12:18:14.567Z] > git remote --verbose [1ms]
[2022-07-23T12:18:14.572Z] > git config --get commit.template [1ms]
[2022-07-23T12:18:49.324Z] > git status -z -uall [31ms]
[2022-07-23T12:18:49.330Z] > git symbolic-ref --short HEAD [1ms]
[2022-07-23T12:18:49.334Z] > git for-each-ref --format=%(refname)%00%(upstream:short)%00%(objectname)%00%(upstream:track)%00%(upstream:remotename)%00%(upstream:remoteref) refs/heads/master refs/remotes/master [1ms]
[2022-07-23T12:18:49.343Z] > git remote --verbose [1ms]
[2022-07-23T12:18:49.344Z] > git for-each-ref --sort -committerdate --format %(refname) %(objectname) %(*objectname) [7ms]
[2022-07-23T12:18:49.349Z] > git config --get commit.template [1ms]
[2022-07-23T12:18:54.387Z] > git status -z -uall [32ms]
[2022-07-23T12:18:54.393Z] > git symbolic-ref --short HEAD [1ms]
[2022-07-23T12:18:54.397Z] > git for-each-ref --format=%(refname)%00%(upstream:short)%00%(objectname)%00%(upstream:track)%00%(upstream:remotename)%00%(upstream:remoteref) refs/heads/master refs/remotes/master [1ms]
[2022-07-23T12:18:54.404Z] > git for-each-ref --sort -committerdate --format %(refname) %(objectname) %(*objectname) [4ms]
[2022-07-23T12:18:54.405Z] > git remote --verbose [1ms]
[2022-07-23T12:18:54.410Z] > git config --get commit.template [1ms]
[2022-07-23T12:18:59.446Z] > git status -z -uall [31ms]
[2022-07-23T12:18:59.453Z] > git symbolic-ref --short HEAD [2ms]
[2022-07-23T12:18:59.457Z] > git for-each-ref --format=%(refname)%00%(upstream:short)%00%(objectname)%00%(upstream:track)%00%(upstream:remotename)%00%(upstream:remoteref) refs/heads/master refs/remotes/master [1ms]
[2022-07-23T12:18:59.465Z] > git for-each-ref --sort -committerdate --format %(refname) %(objectname) %(*objectname) [4ms]
[2022-07-23T12:18:59.465Z] > git remote --verbose [1ms]
[2022-07-23T12:18:59.470Z] > git config --get commit.template [1ms]
[2022-07-23T12:19:04.507Z] > git status -z -uall [31ms]
[2022-07-23T12:19:04.513Z] > git symbolic-ref --short HEAD [1ms]
[2022-07-23T12:19:04.517Z] > git for-each-ref --format=%(refname)%00%(upstream:short)%00%(objectname)%00%(upstream:track)%00%(upstream:remotename)%00%(upstream:remoteref) refs/heads/master refs/remotes/master [1ms]
[2022-07-23T12:19:04.524Z] > git for-each-ref --sort -committerdate --format %(refname) %(objectname) %(*objectname) [3ms]
[2022-07-23T12:19:04.525Z] > git remote --verbose [1ms]
[2022-07-23T12:19:04.530Z] > git config --get commit.template [1ms]
[2022-07-23T12:19:09.567Z] > git status -z -uall [31ms]
[2022-07-23T12:19:09.573Z] > git symbolic-ref --short HEAD [1ms]
[2022-07-23T12:19:09.578Z] > git for-each-ref --format=%(refname)%00%(upstream:short)%00%(objectname)%00%(upstream:track)%00%(upstream:remotename)%00%(upstream:remoteref) refs/heads/master refs/remotes/master [1ms]
[2022-07-23T12:19:09.587Z] > git for-each-ref --sort -committerdate --format %(refname) %(objectname) %(*objectname) [5ms]
[2022-07-23T12:19:09.587Z] > git remote --verbose [2ms]
[2022-07-23T12:19:09.593Z] > git config --get commit.template [1ms]
[2022-07-23T12:19:14.632Z] > git status -z -uall [32ms]
[2022-07-23T12:19:14.638Z] > git symbolic-ref --short HEAD [1ms]
[2022-07-23T12:19:14.642Z] > git for-each-ref --format=%(refname)%00%(upstream:short)%00%(objectname)%00%(upstream:track)%00%(upstream:remotename)%00%(upstream:remoteref) refs/heads/master refs/remotes/master [1ms]
[2022-07-23T12:19:14.651Z] > git for-each-ref --sort -committerdate --format %(refname) %(objectname) %(*objectname) [5ms]
[2022-07-23T12:19:14.651Z] > git remote --verbose [1ms]
[2022-07-23T12:19:14.657Z] > git config --get commit.template [1ms]
[2022-07-23T12:19:19.693Z] > git status -z -uall [31ms]
[2022-07-23T12:19:19.698Z] > git symbolic-ref --short HEAD [1ms]
[2022-07-23T12:19:19.703Z] > git for-each-ref --format=%(refname)%00%(upstream:short)%00%(objectname)%00%(upstream:track)%00%(upstream:remotename)%00%(upstream:remoteref) refs/heads/master refs/remotes/master [2ms]
[2022-07-23T12:19:19.711Z] > git remote --verbose [1ms]
[2022-07-23T12:19:19.711Z] > git for-each-ref --sort -committerdate --format %(refname) %(objectname) %(*objectname) [5ms]
[2022-07-23T12:19:19.716Z] > git config --get commit.template [1ms]
[2022-07-23T12:19:24.754Z] > git status -z -uall [32ms]
[2022-07-23T12:19:24.759Z] > git symbolic-ref --short HEAD [1ms]
[2022-07-23T12:19:24.763Z] > git for-each-ref --format=%(refname)%00%(upstream:short)%00%(objectname)%00%(upstream:track)%00%(upstream:remotename)%00%(upstream:remoteref) refs/heads/master refs/remotes/master [1ms]
[2022-07-23T12:19:24.770Z] > git for-each-ref --sort -committerdate --format %(refname) %(objectname) %(*objectname) [4ms]
[2022-07-23T12:19:24.770Z] > git remote --verbose [1ms]
[2022-07-23T12:19:24.775Z] > git config --get commit.template [1ms]
[2022-07-23T12:19:29.812Z] > git status -z -uall [31ms]
[2022-07-23T12:19:29.818Z] > git symbolic-ref --short HEAD [1ms]
[2022-07-23T12:19:29.822Z] > git for-each-ref --format=%(refname)%00%(upstream:short)%00%(objectname)%00%(upstream:track)%00%(upstream:remotename)%00%(upstream:remoteref) refs/heads/master refs/remotes/master [1ms]
[2022-07-23T12:19:29.829Z] > git for-each-ref --sort -committerdate --format %(refname) %(objectname) %(*objectname) [3ms]
[2022-07-23T12:19:29.830Z] > git remote --verbose [1ms]
[2022-07-23T12:19:29.835Z] > git config --get commit.template [0ms]
[2022-07-23T12:19:34.873Z] > git status -z -uall [31ms]
[2022-07-23T12:19:34.879Z] > git symbolic-ref --short HEAD [1ms]
[2022-07-23T12:19:34.883Z] > git for-each-ref --format=%(refname)%00%(upstream:short)%00%(objectname)%00%(upstream:track)%00%(upstream:remotename)%00%(upstream:remoteref) refs/heads/master refs/remotes/master [1ms]
[2022-07-23T12:19:34.891Z] > git for-each-ref --sort -committerdate --format %(refname) %(objectname) %(*objectname) [4ms]
[2022-07-23T12:19:34.892Z] > git remote --verbose [2ms]
[2022-07-23T12:19:34.898Z] > git config --get commit.template [1ms]
[2022-07-23T12:19:36.145Z] > git check-ignore -v -z --stdin [2ms]
[2022-07-23T12:19:39.934Z] > git status -z -uall [31ms]
[2022-07-23T12:19:39.940Z] > git symbolic-ref --short HEAD [1ms]
[2022-07-23T12:19:39.944Z] > git for-each-ref --format=%(refname)%00%(upstream:short)%00%(objectname)%00%(upstream:track)%00%(upstream:remotename)%00%(upstream:remoteref) refs/heads/master refs/remotes/master [1ms]
[2022-07-23T12:19:39.951Z] > git for-each-ref --sort -committerdate --format %(refname) %(objectname) %(*objectname) [4ms]
[2022-07-23T12:19:39.952Z] > git remote --verbose [1ms]
[2022-07-23T12:19:39.957Z] > git config --get commit.template [1ms]
[2022-07-23T12:19:44.995Z] > git status -z -uall [31ms]
[2022-07-23T12:19:45.001Z] > git symbolic-ref --short HEAD [2ms]
[2022-07-23T12:19:45.007Z] > git for-each-ref --format=%(refname)%00%(upstream:short)%00%(objectname)%00%(upstream:track)%00%(upstream:remotename)%00%(upstream:remoteref) refs/heads/master refs/remotes/master [1ms]
[2022-07-23T12:19:45.015Z] > git for-each-ref --sort -committerdate --format %(refname) %(objectname) %(*objectname) [4ms]
[2022-07-23T12:19:45.015Z] > git remote --verbose [1ms]
[2022-07-23T12:19:45.021Z] > git config --get commit.template [1ms]
[2022-07-23T12:19:55.439Z] > git status -z -uall [33ms]
[2022-07-23T12:19:55.445Z] > git symbolic-ref --short HEAD [1ms]
[2022-07-23T12:19:55.449Z] > git for-each-ref --format=%(refname)%00%(upstream:short)%00%(objectname)%00%(upstream:track)%00%(upstream:remotename)%00%(upstream:remoteref) refs/heads/master refs/remotes/master [1ms]
[2022-07-23T12:19:55.456Z] > git for-each-ref --sort -committerdate --format %(refname) %(objectname) %(*objectname) [4ms]
[2022-07-23T12:19:55.456Z] > git remote --verbose [1ms]
[2022-07-23T12:19:55.462Z] > git config --get commit.template [1ms]
[2022-07-23T12:20:00.501Z] > git status -z -uall [33ms]
[2022-07-23T12:20:00.506Z] > git symbolic-ref --short HEAD [1ms]
[2022-07-23T12:20:00.520Z] > git for-each-ref --format=%(refname)%00%(upstream:short)%00%(objectname)%00%(upstream:track)%00%(upstream:remotename)%00%(upstream:remoteref) refs/heads/master refs/remotes/master [2ms]
[2022-07-23T12:20:00.530Z] > git for-each-ref --sort -committerdate --format %(refname) %(objectname) %(*objectname) [5ms]
[2022-07-23T12:20:00.531Z] > git remote --verbose [2ms]
[2022-07-23T12:20:00.537Z] > git config --get commit.template [1ms]
[2022-07-23T12:20:05.576Z] > git status -z -uall [34ms]
[2022-07-23T12:20:05.582Z] > git symbolic-ref --short HEAD [0ms]
[2022-07-23T12:20:05.587Z] > git for-each-ref --format=%(refname)%00%(upstream:short)%00%(objectname)%00%(upstream:track)%00%(upstream:remotename)%00%(upstream:remoteref) refs/heads/master refs/remotes/master [1ms]
[2022-07-23T12:20:05.594Z] > git for-each-ref --sort -committerdate --format %(refname) %(objectname) %(*objectname) [4ms]
[2022-07-23T12:20:05.594Z] > git remote --verbose [1ms]
[2022-07-23T12:20:05.599Z] > git config --get commit.template [1ms]
[2022-07-23T12:20:28.186Z] > git status -z -uall [30ms]
[2022-07-23T12:20:28.192Z] > git symbolic-ref --short HEAD [1ms]
[2022-07-23T12:20:28.198Z] > git for-each-ref --format=%(refname)%00%(upstream:short)%00%(objectname)%00%(upstream:track)%00%(upstream:remotename)%00%(upstream:remoteref) refs/heads/master refs/remotes/master [2ms]
[2022-07-23T12:20:28.205Z] > git for-each-ref --sort -committerdate --format %(refname) %(objectname) %(*objectname) [4ms]
[2022-07-23T12:20:28.205Z] > git remote --verbose [1ms]
[2022-07-23T12:20:28.211Z] > git config --get commit.template [1ms]
[2022-07-23T12:20:33.249Z] > git status -z -uall [33ms]
[2022-07-23T12:20:33.255Z] > git symbolic-ref --short HEAD [1ms]
[2022-07-23T12:20:33.259Z] > git for-each-ref --format=%(refname)%00%(upstream:short)%00%(objectname)%00%(upstream:track)%00%(upstream:remotename)%00%(upstream:remoteref) refs/heads/master refs/remotes/master [1ms]
[2022-07-23T12:20:33.267Z] > git for-each-ref --sort -committerdate --format %(refname) %(objectname) %(*objectname) [4ms]
[2022-07-23T12:20:33.267Z] > git remote --verbose [1ms]
[2022-07-23T12:20:33.273Z] > git config --get commit.template [1ms]
[2022-07-23T12:20:38.311Z] > git status -z -uall [32ms]
[2022-07-23T12:20:38.317Z] > git symbolic-ref --short HEAD [2ms]
[2022-07-23T12:20:38.321Z] > git for-each-ref --format=%(refname)%00%(upstream:short)%00%(objectname)%00%(upstream:track)%00%(upstream:remotename)%00%(upstream:remoteref) refs/heads/master refs/remotes/master [1ms]
[2022-07-23T12:20:38.329Z] > git for-each-ref --sort -committerdate --format %(refname) %(objectname) %(*objectname) [4ms]
[2022-07-23T12:20:38.329Z] > git remote --verbose [1ms]
[2022-07-23T12:20:38.334Z] > git config --get commit.template [0ms]
[2022-07-23T12:20:46.533Z] > git status -z -uall [31ms]
[2022-07-23T12:20:46.539Z] > git symbolic-ref --short HEAD [1ms]
[2022-07-23T12:20:46.543Z] > git for-each-ref --format=%(refname)%00%(upstream:short)%00%(objectname)%00%(upstream:track)%00%(upstream:remotename)%00%(upstream:remoteref) refs/heads/master refs/remotes/master [1ms]
[2022-07-23T12:20:46.550Z] > git for-each-ref --sort -committerdate --format %(refname) %(objectname) %(*objectname) [4ms]
[2022-07-23T12:20:46.551Z] > git remote --verbose [1ms]
[2022-07-23T12:20:46.556Z] > git config --get commit.template [1ms]
[2022-07-23T12:20:51.596Z] > git status -z -uall [34ms]
[2022-07-23T12:20:51.602Z] > git symbolic-ref --short HEAD [1ms]
[2022-07-23T12:20:51.607Z] > git for-each-ref --format=%(refname)%00%(upstream:short)%00%(objectname)%00%(upstream:track)%00%(upstream:remotename)%00%(upstream:remoteref) refs/heads/master refs/remotes/master [1ms]
[2022-07-23T12:20:51.614Z] > git for-each-ref --sort -committerdate --format %(refname) %(objectname) %(*objectname) [4ms]
[2022-07-23T12:20:51.614Z] > git remote --verbose [1ms]
[2022-07-23T12:20:51.621Z] > git config --get commit.template [1ms]
[2022-07-23T12:20:56.659Z] > git status -z -uall [32ms]
[2022-07-23T12:20:56.665Z] > git symbolic-ref --short HEAD [2ms]
[2022-07-23T12:20:56.670Z] > git for-each-ref --format=%(refname)%00%(upstream:short)%00%(objectname)%00%(upstream:track)%00%(upstream:remotename)%00%(upstream:remoteref) refs/heads/master refs/remotes/master [1ms]
[2022-07-23T12:20:56.677Z] > git for-each-ref --sort -committerdate --format %(refname) %(objectname) %(*objectname) [4ms]
[2022-07-23T12:20:56.677Z] > git remote --verbose [1ms]
[2022-07-23T12:20:56.683Z] > git config --get commit.template [1ms]
[2022-07-23T12:21:01.720Z] > git status -z -uall [32ms]
[2022-07-23T12:21:01.726Z] > git symbolic-ref --short HEAD [1ms]
[2022-07-23T12:21:01.731Z] > git for-each-ref --format=%(refname)%00%(upstream:short)%00%(objectname)%00%(upstream:track)%00%(upstream:remotename)%00%(upstream:remoteref) refs/heads/master refs/remotes/master [1ms]
[2022-07-23T12:21:01.739Z] > git for-each-ref --sort -committerdate --format %(refname) %(objectname) %(*objectname) [4ms]
[2022-07-23T12:21:01.739Z] > git remote --verbose [1ms]
[2022-07-23T12:21:01.745Z] > git config --get commit.template [1ms]
[2022-07-23T12:21:06.784Z] > git status -z -uall [32ms]
[2022-07-23T12:21:06.790Z] > git symbolic-ref --short HEAD [1ms]
[2022-07-23T12:21:06.795Z] > git for-each-ref --format=%(refname)%00%(upstream:short)%00%(objectname)%00%(upstream:track)%00%(upstream:remotename)%00%(upstream:remoteref) refs/heads/master refs/remotes/master [1ms]
[2022-07-23T12:21:06.808Z] > git remote --verbose [1ms]
[2022-07-23T12:21:06.809Z] > git for-each-ref --sort -committerdate --format %(refname) %(objectname) %(*objectname) [5ms]
[2022-07-23T12:21:06.815Z] > git config --get commit.template [1ms]
[2022-07-23T12:21:11.853Z] > git status -z -uall [31ms]
[2022-07-23T12:21:11.859Z] > git symbolic-ref --short HEAD [1ms]
[2022-07-23T12:21:11.864Z] > git for-each-ref --format=%(refname)%00%(upstream:short)%00%(objectname)%00%(upstream:track)%00%(upstream:remotename)%00%(upstream:remoteref) refs/heads/master refs/remotes/master [1ms]
[2022-07-23T12:21:11.872Z] > git for-each-ref --sort -committerdate --format %(refname) %(objectname) %(*objectname) [5ms]
[2022-07-23T12:21:11.872Z] > git remote --verbose [1ms]
[2022-07-23T12:21:11.878Z] > git config --get commit.template [1ms]
[2022-07-23T12:21:16.915Z] > git status -z -uall [32ms]
[2022-07-23T12:21:16.922Z] > git symbolic-ref --short HEAD [2ms]
[2022-07-23T12:21:16.927Z] > git for-each-ref --format=%(refname)%00%(upstream:short)%00%(objectname)%00%(upstream:track)%00%(upstream:remotename)%00%(upstream:remoteref) refs/heads/master refs/remotes/master [2ms]
[2022-07-23T12:21:16.934Z] > git for-each-ref --sort -committerdate --format %(refname) %(objectname) %(*objectname) [4ms]
[2022-07-23T12:21:16.935Z] > git remote --verbose [2ms]
[2022-07-23T12:21:16.941Z] > git config --get commit.template [0ms]
[2022-07-23T12:21:17.095Z] > git ls-files --stage -- /home/ec2-user/K8s_Kustomize/overlay/dev/Backend/deployment.yml [3ms]
[2022-07-23T12:21:17.100Z] > git cat-file -s 7a4bf502e534070bc433e859c948180653170b3b [0ms]
[2022-07-23T12:21:17.346Z] > git show --textconv :K8s_Kustomize/overlay/dev/Backend/deployment.yml [3ms]
[2022-07-23T12:21:21.979Z] > git status -z -uall [32ms]
[2022-07-23T12:21:21.985Z] > git symbolic-ref --short HEAD [1ms]
[2022-07-23T12:21:21.989Z] > git for-each-ref --format=%(refname)%00%(upstream:short)%00%(objectname)%00%(upstream:track)%00%(upstream:remotename)%00%(upstream:remoteref) refs/heads/master refs/remotes/master [1ms]
[2022-07-23T12:21:21.996Z] > git for-each-ref --sort -committerdate --format %(refname) %(objectname) %(*objectname) [4ms]
[2022-07-23T12:21:21.996Z] > git remote --verbose [1ms]
[2022-07-23T12:21:22.001Z] > git config --get commit.template [0ms]
[2022-07-23T12:21:27.038Z] > git status -z -uall [31ms]
[2022-07-23T12:21:27.044Z] > git symbolic-ref --short HEAD [1ms]
[2022-07-23T12:21:27.048Z] > git for-each-ref --format=%(refname)%00%(upstream:short)%00%(objectname)%00%(upstream:track)%00%(upstream:remotename)%00%(upstream:remoteref) refs/heads/master refs/remotes/master [1ms]
[2022-07-23T12:21:27.056Z] > git for-each-ref --sort -committerdate --format %(refname) %(objectname) %(*objectname) [4ms]
[2022-07-23T12:21:27.057Z] > git remote --verbose [2ms]
[2022-07-23T12:21:27.062Z] > git config --get commit.template [1ms]
[2022-07-23T12:21:31.472Z] > git ls-files --stage -- /home/ec2-user/K8s_Kustomize/overlay/dev/Backend/deployment.yml [3ms]
[2022-07-23T12:21:31.476Z] > git cat-file -s 7a4bf502e534070bc433e859c948180653170b3b [1ms]
[2022-07-23T12:21:31.720Z] > git show --textconv :K8s_Kustomize/overlay/dev/Backend/deployment.yml [3ms]
[2022-07-23T12:21:32.099Z] > git status -z -uall [32ms]
[2022-07-23T12:21:32.106Z] > git symbolic-ref --short HEAD [2ms]
[2022-07-23T12:21:32.110Z] > git for-each-ref --format=%(refname)%00%(upstream:short)%00%(objectname)%00%(upstream:track)%00%(upstream:remotename)%00%(upstream:remoteref) refs/heads/master refs/remotes/master [1ms]
[2022-07-23T12:21:32.118Z] > git for-each-ref --sort -committerdate --format %(refname) %(objectname) %(*objectname) [4ms]
[2022-07-23T12:21:32.118Z] > git remote --verbose [1ms]
[2022-07-23T12:21:32.125Z] > git config --get commit.template [1ms]
[2022-07-23T12:21:36.285Z] > git ls-files --stage -- /home/ec2-user/K8s_Kustomize/overlay/dev/Backend/deployment.yml [5ms]
[2022-07-23T12:21:36.290Z] > git cat-file -s 7a4bf502e534070bc433e859c948180653170b3b [1ms]
[2022-07-23T12:21:36.535Z] > git show --textconv :K8s_Kustomize/overlay/dev/Backend/deployment.yml [3ms]
[2022-07-23T12:21:37.163Z] > git status -z -uall [33ms]
[2022-07-23T12:21:37.170Z] > git symbolic-ref --short HEAD [1ms]
[2022-07-23T12:21:37.176Z] > git for-each-ref --format=%(refname)%00%(upstream:short)%00%(objectname)%00%(upstream:track)%00%(upstream:remotename)%00%(upstream:remoteref) refs/heads/master refs/remotes/master [2ms]
[2022-07-23T12:21:37.183Z] > git for-each-ref --sort -committerdate --format %(refname) %(objectname) %(*objectname) [4ms]
[2022-07-23T12:21:37.183Z] > git remote --verbose [1ms]
[2022-07-23T12:21:37.189Z] > git config --get commit.template [1ms]
[2022-07-23T12:21:42.226Z] > git status -z -uall [31ms]
[2022-07-23T12:21:42.232Z] > git symbolic-ref --short HEAD [1ms]
[2022-07-23T12:21:42.236Z] > git for-each-ref --format=%(refname)%00%(upstream:short)%00%(objectname)%00%(upstream:track)%00%(upstream:remotename)%00%(upstream:remoteref) refs/heads/master refs/remotes/master [1ms]
[2022-07-23T12:21:42.243Z] > git for-each-ref --sort -committerdate --format %(refname) %(objectname) %(*objectname) [3ms]
[2022-07-23T12:21:42.244Z] > git remote --verbose [1ms]
[2022-07-23T12:21:42.250Z] > git config --get commit.template [1ms]
[2022-07-23T12:21:47.287Z] > git status -z -uall [31ms]
[2022-07-23T12:21:47.293Z] > git symbolic-ref --short HEAD [2ms]
[2022-07-23T12:21:47.297Z] > git for-each-ref --format=%(refname)%00%(upstream:short)%00%(objectname)%00%(upstream:track)%00%(upstream:remotename)%00%(upstream:remoteref) refs/heads/master refs/remotes/master [1ms]
[2022-07-23T12:21:47.304Z] > git for-each-ref --sort -committerdate --format %(refname) %(objectname) %(*objectname) [4ms]
[2022-07-23T12:21:47.304Z] > git remote --verbose [1ms]
[2022-07-23T12:21:47.309Z] > git config --get commit.template [1ms]
[2022-07-23T12:21:52.347Z] > git status -z -uall [31ms]
[2022-07-23T12:21:52.354Z] > git symbolic-ref --short HEAD [1ms]
[2022-07-23T12:21:52.360Z] > git for-each-ref --format=%(refname)%00%(upstream:short)%00%(objectname)%00%(upstream:track)%00%(upstream:remotename)%00%(upstream:remoteref) refs/heads/master refs/remotes/master [2ms]
[2022-07-23T12:21:52.367Z] > git for-each-ref --sort -committerdate --format %(refname) %(objectname) %(*objectname) [4ms]
[2022-07-23T12:21:52.367Z] > git remote --verbose [1ms]
[2022-07-23T12:21:52.373Z] > git config --get commit.template [1ms]
[2022-07-23T12:21:57.410Z] > git status -z -uall [31ms]
[2022-07-23T12:21:57.415Z] > git symbolic-ref --short HEAD [1ms]
[2022-07-23T12:21:57.420Z] > git for-each-ref --format=%(refname)%00%(upstream:short)%00%(objectname)%00%(upstream:track)%00%(upstream:remotename)%00%(upstream:remoteref) refs/heads/master refs/remotes/master [1ms]
[2022-07-23T12:21:57.427Z] > git for-each-ref --sort -committerdate --format %(refname) %(objectname) %(*objectname) [4ms]
[2022-07-23T12:21:57.427Z] > git remote --verbose [1ms]
[2022-07-23T12:21:57.434Z] > git config --get commit.template [0ms]
[2022-07-23T12:22:02.473Z] > git status -z -uall [32ms]
[2022-07-23T12:22:02.479Z] > git symbolic-ref --short HEAD [1ms]
[2022-07-23T12:22:02.484Z] > git for-each-ref --format=%(refname)%00%(upstream:short)%00%(objectname)%00%(upstream:track)%00%(upstream:remotename)%00%(upstream:remoteref) refs/heads/master refs/remotes/master [2ms]
[2022-07-23T12:22:02.492Z] > git for-each-ref --sort -committerdate --format %(refname) %(objectname) %(*objectname) [5ms]
[2022-07-23T12:22:02.492Z] > git remote --verbose [1ms]
[2022-07-23T12:22:02.498Z] > git config --get commit.template [1ms]
[2022-07-23T12:22:07.535Z] > git status -z -uall [31ms]
[2022-07-23T12:22:07.542Z] > git symbolic-ref --short HEAD [1ms]
[2022-07-23T12:22:07.547Z] > git for-each-ref --format=%(refname)%00%(upstream:short)%00%(objectname)%00%(upstream:track)%00%(upstream:remotename)%00%(upstream:remoteref) refs/heads/master refs/remotes/master [1ms]
[2022-07-23T12:22:07.554Z] > git for-each-ref --sort -committerdate --format %(refname) %(objectname) %(*objectname) [4ms]
[2022-07-23T12:22:07.554Z] > git remote --verbose [1ms]
[2022-07-23T12:22:07.560Z] > git config --get commit.template [1ms]
[2022-07-23T12:22:12.598Z] > git status -z -uall [33ms]
[2022-07-23T12:22:12.604Z] > git symbolic-ref --short HEAD [1ms]
[2022-07-23T12:22:12.609Z] > git for-each-ref --format=%(refname)%00%(upstream:short)%00%(objectname)%00%(upstream:track)%00%(upstream:remotename)%00%(upstream:remoteref) refs/heads/master refs/remotes/master [2ms]
[2022-07-23T12:22:12.616Z] > git for-each-ref --sort -committerdate --format %(refname) %(objectname) %(*objectname) [4ms]
[2022-07-23T12:22:12.616Z] > git remote --verbose [1ms]
[2022-07-23T12:22:12.621Z] > git config --get commit.template [1ms]
[2022-07-23T12:22:17.660Z] > git status -z -uall [33ms]
[2022-07-23T12:22:17.667Z] > git symbolic-ref --short HEAD [1ms]
[2022-07-23T12:22:17.671Z] > git for-each-ref --format=%(refname)%00%(upstream:short)%00%(objectname)%00%(upstream:track)%00%(upstream:remotename)%00%(upstream:remoteref) refs/heads/master refs/remotes/master [1ms]
[2022-07-23T12:22:17.679Z] > git for-each-ref --sort -committerdate --format %(refname) %(objectname) %(*objectname) [5ms]
[2022-07-23T12:22:17.679Z] > git remote --verbose [1ms]
[2022-07-23T12:22:17.685Z] > git config --get commit.template [1ms]
[2022-07-23T12:22:22.722Z] > git status -z -uall [31ms]
[2022-07-23T12:22:22.728Z] > git symbolic-ref --short HEAD [1ms]
[2022-07-23T12:22:22.732Z] > git for-each-ref --format=%(refname)%00%(upstream:short)%00%(objectname)%00%(upstream:track)%00%(upstream:remotename)%00%(upstream:remoteref) refs/heads/master refs/remotes/master [1ms]
[2022-07-23T12:22:22.739Z] > git for-each-ref --sort -committerdate --format %(refname) %(objectname) %(*objectname) [3ms]
[2022-07-23T12:22:22.740Z] > git remote --verbose [1ms]
[2022-07-23T12:22:22.745Z] > git config --get commit.template [1ms]
[2022-07-23T12:22:27.782Z] > git status -z -uall [31ms]
[2022-07-23T12:22:27.788Z] > git symbolic-ref --short HEAD [1ms]
[2022-07-23T12:22:27.793Z] > git for-each-ref --format=%(refname)%00%(upstream:short)%00%(objectname)%00%(upstream:track)%00%(upstream:remotename)%00%(upstream:remoteref) refs/heads/master refs/remotes/master [1ms]
[2022-07-23T12:22:27.806Z] > git for-each-ref --sort -committerdate --format %(refname) %(objectname) %(*objectname) [6ms]
[2022-07-23T12:22:27.806Z] > git remote --verbose [1ms]
[2022-07-23T12:22:27.811Z] > git config --get commit.template [0ms]
[2022-07-23T12:22:32.850Z] > git status -z -uall [32ms]
[2022-07-23T12:22:32.856Z] > git symbolic-ref --short HEAD [1ms]
[2022-07-23T12:22:32.860Z] > git for-each-ref --format=%(refname)%00%(upstream:short)%00%(objectname)%00%(upstream:track)%00%(upstream:remotename)%00%(upstream:remoteref) refs/heads/master refs/remotes/master [1ms]
[2022-07-23T12:22:32.867Z] > git for-each-ref --sort -committerdate --format %(refname) %(objectname) %(*objectname) [4ms]
[2022-07-23T12:22:32.868Z] > git remote --verbose [1ms]
[2022-07-23T12:22:32.874Z] > git config --get commit.template [1ms]
[2022-07-23T12:22:37.912Z] > git status -z -uall [32ms]
[2022-07-23T12:22:37.919Z] > git symbolic-ref --short HEAD [1ms]
[2022-07-23T12:22:37.924Z] > git for-each-ref --format=%(refname)%00%(upstream:short)%00%(objectname)%00%(upstream:track)%00%(upstream:remotename)%00%(upstream:remoteref) refs/heads/master refs/remotes/master [1ms]
[2022-07-23T12:22:37.932Z] > git for-each-ref --sort -committerdate --format %(refname) %(objectname) %(*objectname) [4ms]
[2022-07-23T12:22:37.932Z] > git remote --verbose [1ms]
[2022-07-23T12:22:37.938Z] > git config --get commit.template [1ms]
[2022-07-23T12:22:42.976Z] > git status -z -uall [32ms]
[2022-07-23T12:22:42.982Z] > git symbolic-ref --short HEAD [1ms]
[2022-07-23T12:22:42.987Z] > git for-each-ref --format=%(refname)%00%(upstream:short)%00%(objectname)%00%(upstream:track)%00%(upstream:remotename)%00%(upstream:remoteref) refs/heads/master refs/remotes/master [1ms]
[2022-07-23T12:22:42.994Z] > git for-each-ref --sort -committerdate --format %(refname) %(objectname) %(*objectname) [4ms]
[2022-07-23T12:22:42.994Z] > git remote --verbose [1ms]
[2022-07-23T12:22:42.999Z] > git config --get commit.template [0ms]
[2022-07-23T12:22:48.038Z] > git status -z -uall [32ms]
[2022-07-23T12:22:48.044Z] > git symbolic-ref --short HEAD [1ms]
[2022-07-23T12:22:48.050Z] > git for-each-ref --format=%(refname)%00%(upstream:short)%00%(objectname)%00%(upstream:track)%00%(upstream:remotename)%00%(upstream:remoteref) refs/heads/master refs/remotes/master [2ms]
[2022-07-23T12:22:48.056Z] > git for-each-ref --sort -committerdate --format %(refname) %(objectname) %(*objectname) [3ms]
[2022-07-23T12:22:48.057Z] > git remote --verbose [1ms]
[2022-07-23T12:22:48.062Z] > git config --get commit.template [1ms]
[2022-07-23T12:22:53.101Z] > git status -z -uall [33ms]
[2022-07-23T12:22:53.107Z] > git symbolic-ref --short HEAD [1ms]
[2022-07-23T12:22:53.111Z] > git for-each-ref --format=%(refname)%00%(upstream:short)%00%(objectname)%00%(upstream:track)%00%(upstream:remotename)%00%(upstream:remoteref) refs/heads/master refs/remotes/master [1ms]
[2022-07-23T12:22:53.118Z] > git for-each-ref --sort -committerdate --format %(refname) %(objectname) %(*objectname) [3ms]
[2022-07-23T12:22:53.119Z] > git remote --verbose [1ms]
[2022-07-23T12:22:53.124Z] > git config --get commit.template [1ms]
[2022-07-23T12:22:58.161Z] > git status -z -uall [32ms]
[2022-07-23T12:22:58.167Z] > git symbolic-ref --short HEAD [1ms]
[2022-07-23T12:22:58.171Z] > git for-each-ref --format=%(refname)%00%(upstream:short)%00%(objectname)%00%(upstream:track)%00%(upstream:remotename)%00%(upstream:remoteref) refs/heads/master refs/remotes/master [1ms]
[2022-07-23T12:22:58.179Z] > git for-each-ref --sort -committerdate --format %(refname) %(objectname) %(*objectname) [4ms]
[2022-07-23T12:22:58.179Z] > git remote --verbose [1ms]
[2022-07-23T12:22:58.184Z] > git config --get commit.template [1ms]
[2022-07-23T12:23:03.223Z] > git status -z -uall [33ms]
[2022-07-23T12:23:03.229Z] > git symbolic-ref --short HEAD [1ms]
[2022-07-23T12:23:03.234Z] > git for-each-ref --format=%(refname)%00%(upstream:short)%00%(objectname)%00%(upstream:track)%00%(upstream:remotename)%00%(upstream:remoteref) refs/heads/master refs/remotes/master [1ms]
[2022-07-23T12:23:03.242Z] > git for-each-ref --sort -committerdate --format %(refname) %(objectname) %(*objectname) [4ms]
[2022-07-23T12:23:03.242Z] > git remote --verbose [1ms]
[2022-07-23T12:23:03.248Z] > git config --get commit.template [1ms]
[2022-07-23T12:23:08.287Z] > git status -z -uall [31ms]
[2022-07-23T12:23:08.292Z] > git symbolic-ref --short HEAD [1ms]
[2022-07-23T12:23:08.297Z] > git for-each-ref --format=%(refname)%00%(upstream:short)%00%(objectname)%00%(upstream:track)%00%(upstream:remotename)%00%(upstream:remoteref) refs/heads/master refs/remotes/master [1ms]
[2022-07-23T12:23:08.304Z] > git for-each-ref --sort -committerdate --format %(refname) %(objectname) %(*objectname) [4ms]
[2022-07-23T12:23:08.304Z] > git remote --verbose [1ms]
[2022-07-23T12:23:08.309Z] > git config --get commit.template [1ms]
[2022-07-23T12:23:13.346Z] > git status -z -uall [31ms]
[2022-07-23T12:23:13.352Z] > git symbolic-ref --short HEAD [1ms]
[2022-07-23T12:23:13.356Z] > git for-each-ref --format=%(refname)%00%(upstream:short)%00%(objectname)%00%(upstream:track)%00%(upstream:remotename)%00%(upstream:remoteref) refs/heads/master refs/remotes/master [1ms]
[2022-07-23T12:23:13.370Z] > git for-each-ref --sort -committerdate --format %(refname) %(objectname) %(*objectname) [8ms]
[2022-07-23T12:23:13.373Z] > git remote --verbose [4ms]
[2022-07-23T12:23:13.378Z] > git config --get commit.template [1ms]
[2022-07-23T12:23:18.415Z] > git status -z -uall [31ms]
[2022-07-23T12:23:18.421Z] > git symbolic-ref --short HEAD [1ms]
[2022-07-23T12:23:18.426Z] > git for-each-ref --format=%(refname)%00%(upstream:short)%00%(objectname)%00%(upstream:track)%00%(upstream:remotename)%00%(upstream:remoteref) refs/heads/master refs/remotes/master [2ms]
[2022-07-23T12:23:18.435Z] > git for-each-ref --sort -committerdate --format %(refname) %(objectname) %(*objectname) [5ms]
[2022-07-23T12:23:18.436Z] > git remote --verbose [1ms]
[2022-07-23T12:23:18.442Z] > git config --get commit.template [1ms]
[2022-07-23T12:23:23.479Z] > git status -z -uall [32ms]
[2022-07-23T12:23:23.485Z] > git symbolic-ref --short HEAD [1ms]
[2022-07-23T12:23:23.490Z] > git for-each-ref --format=%(refname)%00%(upstream:short)%00%(objectname)%00%(upstream:track)%00%(upstream:remotename)%00%(upstream:remoteref) refs/heads/master refs/remotes/master [1ms]
[2022-07-23T12:23:23.497Z] > git for-each-ref --sort -committerdate --format %(refname) %(objectname) %(*objectname) [4ms]
[2022-07-23T12:23:23.498Z] > git remote --verbose [1ms]
[2022-07-23T12:23:23.503Z] > git config --get commit.template [1ms]
[2022-07-23T12:23:28.540Z] > git status -z -uall [30ms]
[2022-07-23T12:23:28.546Z] > git symbolic-ref --short HEAD [1ms]
[2022-07-23T12:23:28.551Z] > git for-each-ref --format=%(refname)%00%(upstream:short)%00%(objectname)%00%(upstream:track)%00%(upstream:remotename)%00%(upstream:remoteref) refs/heads/master refs/remotes/master [1ms]
[2022-07-23T12:23:28.557Z] > git for-each-ref --sort -committerdate --format %(refname) %(objectname) %(*objectname) [3ms]
[2022-07-23T12:23:28.558Z] > git remote --verbose [1ms]
[2022-07-23T12:23:28.563Z] > git config --get commit.template [1ms]
[2022-07-23T12:23:33.601Z] > git status -z -uall [32ms]
[2022-07-23T12:23:33.606Z] > git symbolic-ref --short HEAD [1ms]
[2022-07-23T12:23:33.611Z] > git for-each-ref --format=%(refname)%00%(upstream:short)%00%(objectname)%00%(upstream:track)%00%(upstream:remotename)%00%(upstream:remoteref) refs/heads/master refs/remotes/master [1ms]
[2022-07-23T12:23:33.618Z] > git for-each-ref --sort -committerdate --format %(refname) %(objectname) %(*objectname) [4ms]
[2022-07-23T12:23:33.619Z] > git remote --verbose [2ms]
[2022-07-23T12:23:33.625Z] > git config --get commit.template [1ms]
[2022-07-23T12:23:38.667Z] > git status -z -uall [32ms]
[2022-07-23T12:23:38.672Z] > git symbolic-ref --short HEAD [1ms]
[2022-07-23T12:23:38.678Z] > git for-each-ref --format=%(refname)%00%(upstream:short)%00%(objectname)%00%(upstream:track)%00%(upstream:remotename)%00%(upstream:remoteref) refs/heads/master refs/remotes/master [1ms]
[2022-07-23T12:23:38.685Z] > git for-each-ref --sort -committerdate --format %(refname) %(objectname) %(*objectname) [4ms]
[2022-07-23T12:23:38.685Z] > git remote --verbose [1ms]
[2022-07-23T12:23:38.691Z] > git config --get commit.template [1ms]
[2022-07-23T12:24:06.217Z] > git status -z -uall [33ms]
[2022-07-23T12:24:06.223Z] > git symbolic-ref --short HEAD [1ms]
[2022-07-23T12:24:06.228Z] > git for-each-ref --format=%(refname)%00%(upstream:short)%00%(objectname)%00%(upstream:track)%00%(upstream:remotename)%00%(upstream:remoteref) refs/heads/master refs/remotes/master [2ms]
[2022-07-23T12:24:06.235Z] > git for-each-ref --sort -committerdate --format %(refname) %(objectname) %(*objectname) [4ms]
[2022-07-23T12:24:06.235Z] > git remote --verbose [1ms]
[2022-07-23T12:24:06.241Z] > git config --get commit.template [1ms]
[2022-07-23T12:24:11.284Z] > git status -z -uall [38ms]
[2022-07-23T12:24:11.291Z] > git symbolic-ref --short HEAD [1ms]
[2022-07-23T12:24:11.296Z] > git for-each-ref --format=%(refname)%00%(upstream:short)%00%(objectname)%00%(upstream:track)%00%(upstream:remotename)%00%(upstream:remoteref) refs/heads/master refs/remotes/master [1ms]
[2022-07-23T12:24:11.304Z] > git for-each-ref --sort -committerdate --format %(refname) %(objectname) %(*objectname) [4ms]
[2022-07-23T12:24:11.304Z] > git remote --verbose [1ms]
[2022-07-23T12:24:11.310Z] > git config --get commit.template [1ms]
[2022-07-23T12:24:16.352Z] > git status -z -uall [37ms]
[2022-07-23T12:24:16.358Z] > git symbolic-ref --short HEAD [1ms]
[2022-07-23T12:24:16.363Z] > git for-each-ref --format=%(refname)%00%(upstream:short)%00%(objectname)%00%(upstream:track)%00%(upstream:remotename)%00%(upstream:remoteref) refs/heads/master refs/remotes/master [1ms]
[2022-07-23T12:24:16.371Z] > git for-each-ref --sort -committerdate --format %(refname) %(objectname) %(*objectname) [4ms]
[2022-07-23T12:24:16.371Z] > git remote --verbose [1ms]
[2022-07-23T12:24:16.377Z] > git config --get commit.template [1ms]
[2022-07-23T12:24:21.413Z] > git status -z -uall [31ms]
[2022-07-23T12:24:21.418Z] > git symbolic-ref --short HEAD [0ms]
[2022-07-23T12:24:21.423Z] > git for-each-ref --format=%(refname)%00%(upstream:short)%00%(objectname)%00%(upstream:track)%00%(upstream:remotename)%00%(upstream:remoteref) refs/heads/master refs/remotes/master [1ms]
[2022-07-23T12:24:21.430Z] > git for-each-ref --sort -committerdate --format %(refname) %(objectname) %(*objectname) [4ms]
[2022-07-23T12:24:21.430Z] > git remote --verbose [1ms]
[2022-07-23T12:24:21.436Z] > git config --get commit.template [1ms]
[2022-07-23T12:24:26.473Z] > git status -z -uall [32ms]
[2022-07-23T12:24:26.479Z] > git symbolic-ref --short HEAD [2ms]
[2022-07-23T12:24:26.483Z] > git for-each-ref --format=%(refname)%00%(upstream:short)%00%(objectname)%00%(upstream:track)%00%(upstream:remotename)%00%(upstream:remoteref) refs/heads/master refs/remotes/master [1ms]
[2022-07-23T12:24:26.491Z] > git for-each-ref --sort -committerdate --format %(refname) %(objectname) %(*objectname) [4ms]
[2022-07-23T12:24:26.491Z] > git remote --verbose [1ms]
[2022-07-23T12:24:26.499Z] > git config --get commit.template [2ms]
[2022-07-23T12:24:31.536Z] > git status -z -uall [31ms]
[2022-07-23T12:24:31.542Z] > git symbolic-ref --short HEAD [1ms]
[2022-07-23T12:24:31.547Z] > git for-each-ref --format=%(refname)%00%(upstream:short)%00%(objectname)%00%(upstream:track)%00%(upstream:remotename)%00%(upstream:remoteref) refs/heads/master refs/remotes/master [1ms]
[2022-07-23T12:24:31.556Z] > git for-each-ref --sort -committerdate --format %(refname) %(objectname) %(*objectname) [6ms]
[2022-07-23T12:24:31.556Z] > git remote --verbose [3ms]
[2022-07-23T12:24:31.562Z] > git config --get commit.template [1ms]
[2022-07-23T12:24:36.600Z] > git status -z -uall [31ms]
[2022-07-23T12:24:36.607Z] > git symbolic-ref --short HEAD [1ms]
[2022-07-23T12:24:36.611Z] > git for-each-ref --format=%(refname)%00%(upstream:short)%00%(objectname)%00%(upstream:track)%00%(upstream:remotename)%00%(upstream:remoteref) refs/heads/master refs/remotes/master [1ms]
[2022-07-23T12:24:36.619Z] > git for-each-ref --sort -committerdate --format %(refname) %(objectname) %(*objectname) [4ms]
[2022-07-23T12:24:36.619Z] > git remote --verbose [1ms]
[2022-07-23T12:24:36.625Z] > git config --get commit.template [2ms]
[2022-07-23T12:24:41.662Z] > git status -z -uall [31ms]
[2022-07-23T12:24:41.667Z] > git symbolic-ref --short HEAD [1ms]
[2022-07-23T12:24:41.672Z] > git for-each-ref --format=%(refname)%00%(upstream:short)%00%(objectname)%00%(upstream:track)%00%(upstream:remotename)%00%(upstream:remoteref) refs/heads/master refs/remotes/master [1ms]
[2022-07-23T12:24:41.679Z] > git for-each-ref --sort -committerdate --format %(refname) %(objectname) %(*objectname) [4ms]
[2022-07-23T12:24:41.679Z] > git remote --verbose [1ms]
[2022-07-23T12:24:41.684Z] > git config --get commit.template [0ms]
[2022-07-23T12:24:46.722Z] > git status -z -uall [31ms]
[2022-07-23T12:24:46.728Z] > git symbolic-ref --short HEAD [1ms]
[2022-07-23T12:24:46.733Z] > git for-each-ref --format=%(refname)%00%(upstream:short)%00%(objectname)%00%(upstream:track)%00%(upstream:remotename)%00%(upstream:remoteref) refs/heads/master refs/remotes/master [2ms]
[2022-07-23T12:24:46.740Z] > git for-each-ref --sort -committerdate --format %(refname) %(objectname) %(*objectname) [4ms]
[2022-07-23T12:24:46.741Z] > git remote --verbose [2ms]
[2022-07-23T12:24:46.748Z] > git config --get commit.template [1ms]
[2022-07-23T12:25:14.890Z] > git status -z -uall [44ms]
[2022-07-23T12:25:14.895Z] > git symbolic-ref --short HEAD [1ms]
[2022-07-23T12:25:14.900Z] > git for-each-ref --format=%(refname)%00%(upstream:short)%00%(objectname)%00%(upstream:track)%00%(upstream:remotename)%00%(upstream:remoteref) refs/heads/master refs/remotes/master [1ms]
[2022-07-23T12:25:14.909Z] > git for-each-ref --sort -committerdate --format %(refname) %(objectname) %(*objectname) [4ms]
[2022-07-23T12:25:14.910Z] > git remote --verbose [2ms]
[2022-07-23T12:25:14.915Z] > git config --get commit.template [1ms]
[2022-07-23T12:25:19.955Z] > git status -z -uall [34ms]
[2022-07-23T12:25:19.962Z] > git symbolic-ref --short HEAD [2ms]
[2022-07-23T12:25:19.967Z] > git for-each-ref --format=%(refname)%00%(upstream:short)%00%(objectname)%00%(upstream:track)%00%(upstream:remotename)%00%(upstream:remoteref) refs/heads/master refs/remotes/master [1ms]
[2022-07-23T12:25:19.975Z] > git for-each-ref --sort -committerdate --format %(refname) %(objectname) %(*objectname) [4ms]
[2022-07-23T12:25:19.977Z] > git remote --verbose [2ms]
[2022-07-23T12:25:19.986Z] > git config --get commit.template [5ms]
[2022-07-23T12:25:25.024Z] > git status -z -uall [32ms]
[2022-07-23T12:25:25.031Z] > git symbolic-ref --short HEAD [1ms]
[2022-07-23T12:25:25.037Z] > git for-each-ref --format=%(refname)%00%(upstream:short)%00%(objectname)%00%(upstream:track)%00%(upstream:remotename)%00%(upstream:remoteref) refs/heads/master refs/remotes/master [1ms]
[2022-07-23T12:25:25.046Z] > git for-each-ref --sort -committerdate --format %(refname) %(objectname) %(*objectname) [4ms]
[2022-07-23T12:25:25.046Z] > git remote --verbose [1ms]
[2022-07-23T12:25:25.052Z] > git config --get commit.template [1ms]
[2022-07-23T12:25:30.096Z] > git status -z -uall [38ms]
[2022-07-23T12:25:30.102Z] > git symbolic-ref --short HEAD [1ms]
[2022-07-23T12:25:30.108Z] > git for-each-ref --format=%(refname)%00%(upstream:short)%00%(objectname)%00%(upstream:track)%00%(upstream:remotename)%00%(upstream:remoteref) refs/heads/master refs/remotes/master [2ms]
[2022-07-23T12:25:30.116Z] > git for-each-ref --sort -committerdate --format %(refname) %(objectname) %(*objectname) [4ms]
[2022-07-23T12:25:30.116Z] > git remote --verbose [1ms]
[2022-07-23T12:25:30.122Z] > git config --get commit.template [1ms]
[2022-07-23T12:25:35.161Z] > git status -z -uall [34ms]
[2022-07-23T12:25:35.167Z] > git symbolic-ref --short HEAD [1ms]
[2022-07-23T12:25:35.172Z] > git for-each-ref --format=%(refname)%00%(upstream:short)%00%(objectname)%00%(upstream:track)%00%(upstream:remotename)%00%(upstream:remoteref) refs/heads/master refs/remotes/master [1ms]
[2022-07-23T12:25:35.180Z] > git for-each-ref --sort -committerdate --format %(refname) %(objectname) %(*objectname) [5ms]
[2022-07-23T12:25:35.180Z] > git remote --verbose [1ms]
[2022-07-23T12:25:35.187Z] > git config --get commit.template [1ms]
[2022-07-23T12:25:40.225Z] > git status -z -uall [33ms]
[2022-07-23T12:25:40.232Z] > git symbolic-ref --short HEAD [1ms]
[2022-07-23T12:25:40.238Z] > git for-each-ref --format=%(refname)%00%(upstream:short)%00%(objectname)%00%(upstream:track)%00%(upstream:remotename)%00%(upstream:remoteref) refs/heads/master refs/remotes/master [2ms]
[2022-07-23T12:25:40.251Z] > git remote --verbose [5ms]
[2022-07-23T12:25:40.251Z] > git for-each-ref --sort -committerdate --format %(refname) %(objectname) %(*objectname) [10ms]
[2022-07-23T12:25:40.258Z] > git config --get commit.template [1ms]
[2022-07-23T12:25:45.297Z] > git status -z -uall [28ms]
[2022-07-23T12:25:45.303Z] > git symbolic-ref --short HEAD [1ms]
[2022-07-23T12:25:45.308Z] > git for-each-ref --format=%(refname)%00%(upstream:short)%00%(objectname)%00%(upstream:track)%00%(upstream:remotename)%00%(upstream:remoteref) refs/heads/master refs/remotes/master [1ms]
[2022-07-23T12:25:45.315Z] > git for-each-ref --sort -committerdate --format %(refname) %(objectname) %(*objectname) [4ms]
[2022-07-23T12:25:45.316Z] > git remote --verbose [1ms]
[2022-07-23T12:25:45.321Z] > git config --get commit.template [1ms]
[2022-07-23T12:25:50.357Z] > git status -z -uall [31ms]
[2022-07-23T12:25:50.363Z] > git symbolic-ref --short HEAD [1ms]
[2022-07-23T12:25:50.367Z] > git for-each-ref --format=%(refname)%00%(upstream:short)%00%(objectname)%00%(upstream:track)%00%(upstream:remotename)%00%(upstream:remoteref) refs/heads/master refs/remotes/master [1ms]
[2022-07-23T12:25:50.374Z] > git for-each-ref --sort -committerdate --format %(refname) %(objectname) %(*objectname) [3ms]
[2022-07-23T12:25:50.374Z] > git remote --verbose [0ms]
[2022-07-23T12:25:50.380Z] > git config --get commit.template [1ms]
[2022-07-23T12:28:30.287Z] > git status -z -uall [32ms]
[2022-07-23T12:28:30.292Z] > git symbolic-ref --short HEAD [1ms]
[2022-07-23T12:28:30.297Z] > git for-each-ref --format=%(refname)%00%(upstream:short)%00%(objectname)%00%(upstream:track)%00%(upstream:remotename)%00%(upstream:remoteref) refs/heads/master refs/remotes/master [1ms]
[2022-07-23T12:28:30.304Z] > git for-each-ref --sort -committerdate --format %(refname) %(objectname) %(*objectname) [3ms]
[2022-07-23T12:28:30.304Z] > git remote --verbose [1ms]
[2022-07-23T12:28:30.309Z] > git config --get commit.template [1ms]
[2022-07-23T12:28:35.346Z] > git status -z -uall [31ms]
[2022-07-23T12:28:35.351Z] > git symbolic-ref --short HEAD [1ms]
[2022-07-23T12:28:35.356Z] > git for-each-ref --format=%(refname)%00%(upstream:short)%00%(objectname)%00%(upstream:track)%00%(upstream:remotename)%00%(upstream:remoteref) refs/heads/master refs/remotes/master [1ms]
[2022-07-23T12:28:35.363Z] > git for-each-ref --sort -committerdate --format %(refname) %(objectname) %(*objectname) [4ms]
[2022-07-23T12:28:35.363Z] > git remote --verbose [1ms]
[2022-07-23T12:28:35.372Z] > git config --get commit.template [2ms]
[2022-07-23T12:28:40.411Z] > git status -z -uall [34ms]
[2022-07-23T12:28:40.418Z] > git symbolic-ref --short HEAD [2ms]
[2022-07-23T12:28:40.423Z] > git for-each-ref --format=%(refname)%00%(upstream:short)%00%(objectname)%00%(upstream:track)%00%(upstream:remotename)%00%(upstream:remoteref) refs/heads/master refs/remotes/master [2ms]
[2022-07-23T12:28:40.432Z] > git for-each-ref --sort -committerdate --format %(refname) %(objectname) %(*objectname) [5ms]
[2022-07-23T12:28:40.433Z] > git remote --verbose [2ms]
[2022-07-23T12:28:40.439Z] > git config --get commit.template [1ms]
[2022-07-23T12:28:45.483Z] > git status -z -uall [37ms]
[2022-07-23T12:28:45.490Z] > git symbolic-ref --short HEAD [2ms]
[2022-07-23T12:28:45.495Z] > git for-each-ref --format=%(refname)%00%(upstream:short)%00%(objectname)%00%(upstream:track)%00%(upstream:remotename)%00%(upstream:remoteref) refs/heads/master refs/remotes/master [2ms]
[2022-07-23T12:28:45.504Z] > git for-each-ref --sort -committerdate --format %(refname) %(objectname) %(*objectname) [5ms]
[2022-07-23T12:28:45.506Z] > git remote --verbose [2ms]
[2022-07-23T12:28:45.519Z] > git config --get commit.template [6ms]
[2022-07-23T12:28:50.556Z] > git status -z -uall [32ms]
[2022-07-23T12:28:50.562Z] > git symbolic-ref --short HEAD [1ms]
[2022-07-23T12:28:50.567Z] > git for-each-ref --format=%(refname)%00%(upstream:short)%00%(objectname)%00%(upstream:track)%00%(upstream:remotename)%00%(upstream:remoteref) refs/heads/master refs/remotes/master [1ms]
[2022-07-23T12:28:50.574Z] > git for-each-ref --sort -committerdate --format %(refname) %(objectname) %(*objectname) [4ms]
[2022-07-23T12:28:50.575Z] > git remote --verbose [2ms]
[2022-07-23T12:28:50.580Z] > git config --get commit.template [1ms]
[2022-07-23T12:28:55.616Z] > git status -z -uall [31ms]
[2022-07-23T12:28:55.622Z] > git symbolic-ref --short HEAD [1ms]
[2022-07-23T12:28:55.627Z] > git for-each-ref --format=%(refname)%00%(upstream:short)%00%(objectname)%00%(upstream:track)%00%(upstream:remotename)%00%(upstream:remoteref) refs/heads/master refs/remotes/master [1ms]
[2022-07-23T12:28:55.635Z] > git for-each-ref --sort -committerdate --format %(refname) %(objectname) %(*objectname) [4ms]
[2022-07-23T12:28:55.635Z] > git remote --verbose [1ms]
[2022-07-23T12:28:55.640Z] > git config --get commit.template [1ms]
[2022-07-23T12:29:49.130Z] > git status -z -uall [34ms]
[2022-07-23T12:29:49.135Z] > git symbolic-ref --short HEAD [1ms]
[2022-07-23T12:29:49.140Z] > git for-each-ref --format=%(refname)%00%(upstream:short)%00%(objectname)%00%(upstream:track)%00%(upstream:remotename)%00%(upstream:remoteref) refs/heads/master refs/remotes/master [1ms]
[2022-07-23T12:29:49.147Z] > git for-each-ref --sort -committerdate --format %(refname) %(objectname) %(*objectname) [4ms]
[2022-07-23T12:29:49.148Z] > git remote --verbose [2ms]
[2022-07-23T12:29:49.153Z] > git config --get commit.template [1ms]
[2022-07-23T12:29:54.191Z] > git status -z -uall [32ms]
[2022-07-23T12:29:54.197Z] > git symbolic-ref --short HEAD [2ms]
[2022-07-23T12:29:54.201Z] > git for-each-ref --format=%(refname)%00%(upstream:short)%00%(objectname)%00%(upstream:track)%00%(upstream:remotename)%00%(upstream:remoteref) refs/heads/master refs/remotes/master [1ms]
[2022-07-23T12:29:54.208Z] > git for-each-ref --sort -committerdate --format %(refname) %(objectname) %(*objectname) [4ms]
[2022-07-23T12:29:54.209Z] > git remote --verbose [1ms]
[2022-07-23T12:29:54.214Z] > git config --get commit.template [1ms]
[2022-07-23T12:29:56.157Z] > git ls-files --stage -- /home/ec2-user/K8s_Kustomize/overlay/dev/Backend/deployment.yml [3ms]
[2022-07-23T12:29:56.162Z] > git cat-file -s 7a4bf502e534070bc433e859c948180653170b3b [1ms]
[2022-07-23T12:29:56.404Z] > git show --textconv :K8s_Kustomize/overlay/dev/Backend/deployment.yml [3ms]
[2022-07-23T12:29:59.650Z] > git status -z -uall [33ms]
[2022-07-23T12:29:59.655Z] > git symbolic-ref --short HEAD [1ms]
[2022-07-23T12:29:59.660Z] > git for-each-ref --format=%(refname)%00%(upstream:short)%00%(objectname)%00%(upstream:track)%00%(upstream:remotename)%00%(upstream:remoteref) refs/heads/master refs/remotes/master [1ms]
[2022-07-23T12:29:59.667Z] > git for-each-ref --sort -committerdate --format %(refname) %(objectname) %(*objectname) [4ms]
[2022-07-23T12:29:59.667Z] > git remote --verbose [1ms]
[2022-07-23T12:29:59.673Z] > git config --get commit.template [2ms]
